<?xml version="1.0" encoding="UTF-8"?>
<!-- Generated by org.testng.reporters.JUnitXMLReporter -->
<testsuite ignored="0" hostname="W-PF3NZE1V" failures="0" tests="5" name="Test" time="86.954" errors="0" timestamp="2023-07-04T18:04:48 IST">
  <testcase classname="seleniumjavaframework.testcases.LoginTest" name="Verify_Url_Test" time="0.035"/>
  <testcase classname="seleniumjavaframework.testcases.LoginTest" name="Verify_Title_Test" time="0.032"/>
  <testcase classname="seleniumjavaframework.testcases.LoginTest" name="Login_Logout_Test" time="10.555"/>
  <testcase classname="seleniumjavaframework.testcases.AdminTest" name="Admin_Test" time="21.869"/>
  <testcase classname="seleniumjavaframework.testcases.DeleteUserTest" name="DeleteUser_Test" time="23.834"/>
</testsuite> <!-- Test -->
